15:37:12,182  INFO SMSClient,main:17 - enter login id
15:37:18,890  INFO SMSClient,main:19 - enter password
15:37:23,449  INFO SMSClient,main:15 - 0
15:40:44,454  INFO SMSClient,main:17 - enter login id
15:40:48,958  INFO SMSClient,main:19 - enter password
15:40:52,981  INFO SMSClient,main:15 - 0
15:46:30,366  INFO SMSClient,main:17 - enter login id
15:46:32,474  INFO SMSClient,main:19 - enter password
15:46:38,999  INFO SMSClient,main:15 - 0
15:49:53,963  INFO SMSClient,main:17 - enter login id
15:49:57,335  INFO SMSClient,main:19 - enter password
15:50:01,698  INFO SMSClient,main:15 - 0
15:54:06,864  INFO SMSClient,main:17 - enter username
15:54:11,428  INFO SMSClient,main:19 - enter password
15:54:15,773  INFO SMSClient,main:15 - 0
15:54:46,659  INFO SMSClient,main:17 - enter username
15:54:50,269  INFO SMSClient,main:19 - enter password
15:54:54,741  INFO SMSClient,main:15 - 0
15:58:37,234  INFO SMSClient,main:17 - enter username
15:58:40,495  INFO SMSClient,main:19 - enter password
15:58:46,869  INFO SMSClient,main:15 - 0
15:59:17,538  INFO SMSClient,main:17 - enter username
15:59:24,000  INFO SMSClient,main:19 - enter password
15:59:27,471  INFO SMSClient,main:15 - 0
15:59:52,799  INFO SMSClient,main:17 - enter username
16:00:01,473  INFO SMSClient,main:19 - enter password
16:00:05,487  INFO SMSClient,main:15 - 0
16:01:44,676  INFO SMSClient,main:17 - enter username
16:01:47,855  INFO SMSClient,main:19 - enter password
16:01:52,121  INFO SMSClient,main:15 - 0
16:09:28,066  INFO SMSClient,main:17 - enter username
16:09:32,262  INFO SMSClient,main:19 - enter password
16:09:37,076  INFO SMSClient,main:15 - 5
16:09:37,077 ERROR SMSClient,main:26 - error in credentials
16:13:06,214  INFO SMSClient,main:17 - enter username
16:13:09,536  INFO SMSClient,main:19 - enter password
16:13:15,177  INFO SMSClient,main:15 - 5
16:13:15,178 ERROR SMSClient,main:26 - error in credentials
16:17:03,375  INFO SMSClient,main:17 - enter username
16:17:06,278  INFO SMSClient,main:19 - enter password
16:17:12,134  INFO SMSClient,main:15 - 5
16:17:12,135 ERROR SMSClient,main:26 - error in credentials
16:31:16,112  INFO SMSClient,main:17 - enter username
16:31:19,553  INFO SMSClient,main:19 - enter password
16:31:27,212  INFO SMSClient,main:15 - 5
16:31:27,213 ERROR SMSClient,main:26 - error in credentials
16:33:43,188  INFO SMSClient,main:17 - enter username
16:33:45,976  INFO SMSClient,main:19 - enter password
16:33:50,036  INFO SMSClient,main:15 - 5
16:33:50,037 ERROR SMSClient,main:26 - error in credentials
16:51:18,559  INFO SMSClient,main:17 - enter username
16:51:23,813  INFO SMSClient,main:19 - enter password
16:51:28,036  INFO SMSClient,main:15 - 5
16:51:28,037 ERROR SMSClient,main:26 - error in credentials
16:55:41,133  INFO SMSClient,main:17 - enter username
16:55:55,517  INFO SMSClient,main:19 - enter password
16:55:59,472  INFO SMSClient,main:15 - 5
16:55:59,472 ERROR SMSClient,main:26 - error in credentials
16:57:15,641  INFO SMSClient,main:17 - enter username
16:57:18,458  INFO SMSClient,main:19 - enter password
16:57:21,130  INFO SMSClient,main:15 - 5
16:57:21,130 ERROR SMSClient,main:26 - error in credentials
16:58:38,508  INFO SMSClient,main:17 - enter username
16:58:41,246  INFO SMSClient,main:19 - enter password
16:58:43,980  INFO SMSClient,main:15 - 5
16:58:43,980 ERROR SMSClient,main:26 - error in credentials
16:59:54,207  INFO SMSClient,main:17 - enter username
16:59:56,749  INFO SMSClient,main:19 - enter password
16:59:59,429  INFO SMSClient,main:15 - 5
16:59:59,430 ERROR SMSClient,main:26 - error in credentials
17:00:42,696  INFO SMSClient,main:17 - enter username
17:00:45,638  INFO SMSClient,main:19 - enter password
17:00:48,085  INFO SMSClient,main:15 - 1
17:00:48,085  INFO SMSClient,main:17 - student page
17:02:30,608  INFO SMSClient,main:17 - enter username
17:02:39,065  INFO SMSClient,main:19 - enter password
17:02:41,967  INFO SMSClient,main:15 - 1
17:02:41,967  INFO SMSClient,main:17 - student page
17:02:48,849  INFO SMSClient,main:17 - enter username
17:02:51,154  INFO SMSClient,main:19 - enter password
17:02:54,543  INFO SMSClient,main:15 - 5
17:02:54,543 ERROR SMSClient,main:26 - error in credentials
20:10:35,431  INFO SMSClient,main:17 - enter username
20:10:44,128  INFO SMSClient,main:19 - enter password
20:10:54,264  INFO SMSClient,main:15 - 1
20:10:54,265  INFO SMSClient,main:17 - student page
20:17:15,921  INFO SMSClient,main:17 - enter username
20:17:20,115  INFO SMSClient,main:19 - enter password
20:17:22,564  INFO SMSClient,main:15 - 1
20:17:22,564  INFO SMSClient,main:17 - student page
20:40:19,395  INFO SMSClient,main:17 - enter username
20:40:25,877  INFO SMSClient,main:19 - enter password
20:40:28,791  INFO SMSClient,main:15 - 1
20:40:28,792  INFO SMSClient,main:17 - student page
20:42:05,277  INFO SMSClient,main:17 - enter username
20:42:08,309  INFO SMSClient,main:19 - enter password
20:42:10,935  INFO SMSClient,main:15 - 1
20:42:10,936  INFO SMSClient,main:17 - student page
20:42:10,939  INFO StudentOperation,main:23 - 101 history
20:42:10,939  INFO StudentOperation,main:23 - 102 maths
21:21:48,109  INFO SMSClient,main:17 - enter username
21:21:54,226  INFO SMSClient,main:19 - enter password
21:21:57,016  INFO SMSClient,main:15 - 1
21:21:57,017  INFO SMSClient,main:17 - going to student page
21:21:57,020  INFO StudentOperation,main:24 - showing all courses
21:21:57,021  INFO StudentOperation,main:26 - 101 history
21:21:57,021  INFO StudentOperation,main:26 - 102 maths
21:21:57,021  INFO StudentOperation,main:28 - now choosing the course
21:21:57,021  INFO StudentOperation,main:43 - enter the course name of all 4 courses
21:23:50,300  INFO SMSClient,main:17 - enter username
21:23:55,482  INFO SMSClient,main:19 - enter password
21:24:01,328  INFO SMSClient,main:15 - 1
21:24:01,328  INFO SMSClient,main:17 - going to student page
21:24:01,333  INFO StudentOperation,main:24 - showing all courses
21:24:01,334  INFO StudentOperation,main:26 - 101 history
21:24:01,334  INFO StudentOperation,main:26 - 102 maths
21:24:01,334  INFO StudentOperation,main:26 - 103 physics
21:24:01,334  INFO StudentOperation,main:26 - 104 chemistry
21:24:01,334  INFO StudentOperation,main:26 - 105 hindi
21:24:01,335  INFO StudentOperation,main:26 - 106 biology
21:24:01,335  INFO StudentOperation,main:26 - 107 sanskrit
21:24:01,335  INFO StudentOperation,main:28 - now choosing the course
21:24:01,336  INFO StudentOperation,main:43 - enter the course name of all 4 courses
21:24:32,245  INFO StudentOperation,main:49 - enter the courseId of 2 alternate course
21:25:46,808  INFO SMSClient,main:17 - enter username
21:25:52,604  INFO SMSClient,main:19 - enter password
21:25:58,532  INFO SMSClient,main:15 - 1
21:25:58,533  INFO SMSClient,main:17 - going to student page
21:25:58,536  INFO StudentOperation,main:24 - showing all courses
21:25:58,536  INFO StudentOperation,main:26 - 101 history
21:25:58,536  INFO StudentOperation,main:26 - 102 maths
21:25:58,536  INFO StudentOperation,main:26 - 103 physics
21:25:58,537  INFO StudentOperation,main:26 - 104 chemistry
21:25:58,537  INFO StudentOperation,main:26 - 105 hindi
21:25:58,537  INFO StudentOperation,main:26 - 106 biology
21:25:58,537  INFO StudentOperation,main:26 - 107 sanskrit
21:25:58,538  INFO StudentOperation,main:28 - now choosing the course
21:25:58,538  INFO StudentOperation,main:43 - enter the course name of all 4 courses
21:26:22,978  INFO StudentOperation,main:49 - enter the courseId of 2 alternate course
21:33:56,674  INFO SMSClient,main:17 - enter username
21:34:06,077  INFO SMSClient,main:19 - enter password
21:34:11,603  INFO SMSClient,main:15 - 1
21:34:11,604  INFO SMSClient,main:17 - going to student page
21:34:11,621  INFO StudentOperation,main:24 - showing all courses
21:34:11,622  INFO StudentOperation,main:26 - 101 history
21:34:11,622  INFO StudentOperation,main:26 - 102 maths
21:34:11,622  INFO StudentOperation,main:26 - 103 physics
21:34:11,623  INFO StudentOperation,main:26 - 104 chemistry
21:34:11,623  INFO StudentOperation,main:26 - 105 hindi
21:34:11,623  INFO StudentOperation,main:26 - 106 biology
21:34:11,624  INFO StudentOperation,main:26 - 107 sanskrit
21:34:11,624  INFO StudentOperation,main:28 - now choosing the course
21:34:11,624  INFO StudentOperation,main:43 - enter the courseId of all 4 courses
21:34:22,620  INFO StudentOperation,main:49 - enter the courseId of 2 alternate course
07:09:12,708  INFO SMSClient,main:17 - enter username
07:09:18,564  INFO SMSClient,main:19 - enter password
07:09:26,526  INFO SMSClient,main:15 - 1
07:09:26,526  INFO SMSClient,main:17 - going to student page
07:09:26,530  INFO StudentOperation,main:26 - showing all courses
07:09:26,530  INFO StudentOperation,main:28 - 101 history
07:09:26,530  INFO StudentOperation,main:28 - 102 maths
07:09:26,530  INFO StudentOperation,main:28 - 103 physics
07:09:26,531  INFO StudentOperation,main:28 - 104 chemistry
07:09:26,531  INFO StudentOperation,main:28 - 105 hindi
07:09:26,531  INFO StudentOperation,main:28 - 106 biology
07:09:26,531  INFO StudentOperation,main:28 - 107 sanskrit
07:09:26,531  INFO StudentOperation,main:30 - now choosing the course
07:09:26,533  INFO StudentOperation,main:31 - enter the courseId of all 4 courses
07:09:44,190  INFO StudentOperation,main:37 - enter the courseId of 2 alternate course
07:09:51,026  INFO StudentOperation,main:42 - duplicate course selected
07:09:51,027  INFO StudentOperation,main:47 - choose
 1.for registe
2.for adding courses
3.for dropping course
07:13:46,311  INFO SMSClient,main:17 - enter username
07:13:50,467  INFO SMSClient,main:19 - enter password
07:13:55,849  INFO SMSClient,main:15 - 1
07:13:55,849  INFO SMSClient,main:17 - going to student page
07:13:55,852  INFO StudentOperation,main:26 - showing all courses
07:13:55,853  INFO StudentOperation,main:28 - 101 history
07:13:55,853  INFO StudentOperation,main:28 - 102 maths
07:13:55,853  INFO StudentOperation,main:28 - 103 physics
07:13:55,853  INFO StudentOperation,main:28 - 104 chemistry
07:13:55,853  INFO StudentOperation,main:28 - 105 hindi
07:13:55,854  INFO StudentOperation,main:28 - 106 biology
07:13:55,854  INFO StudentOperation,main:28 - 107 sanskrit
07:13:55,854  INFO StudentOperation,main:30 - now choosing the course
07:13:55,856  INFO StudentOperation,main:31 - enter the courseId of all 4 courses
07:14:10,297  INFO StudentOperation,main:37 - enter the courseId of 2 alternate course
07:14:15,534  INFO StudentOperation,main:48 - choose
 1.for registe
2.for adding courses
3.for dropping course
07:24:56,181  INFO SMSClient,main:17 - enter username
07:25:10,521  INFO SMSClient,main:19 - enter password
07:25:15,673  INFO SMSClient,main:15 - 2
07:25:15,673  INFO SMSClient,main:22 - going to Professor page
07:25:15,677  INFO StudentOperation,main:19 - showing all courses
07:25:15,678  INFO StudentOperation,main:21 - 101 history
07:25:15,678  INFO StudentOperation,main:21 - 102 maths
07:25:15,679  INFO StudentOperation,main:21 - 103 physics
07:25:15,679  INFO StudentOperation,main:21 - 104 chemistry
07:25:15,680  INFO StudentOperation,main:21 - 105 hindi
07:25:15,680  INFO StudentOperation,main:21 - 106 biology
07:25:15,680  INFO StudentOperation,main:21 - 107 sanskrit
07:46:26,119  INFO SMSClient,main:17 - enter username
07:46:29,796  INFO SMSClient,main:19 - enter password
07:46:34,587  INFO SMSClient,main:15 - 2
07:46:34,588  INFO SMSClient,main:22 - going to Professor page
07:46:34,593  INFO StudentOperation,main:21 - showing all courses
07:46:34,593  INFO StudentOperation,main:23 - 101 history
07:46:34,593  INFO StudentOperation,main:23 - 102 maths
07:46:34,594  INFO StudentOperation,main:23 - 103 physics
07:46:34,594  INFO StudentOperation,main:23 - 104 chemistry
07:46:34,594  INFO StudentOperation,main:23 - 105 hindi
07:46:34,594  INFO StudentOperation,main:23 - 106 biology
07:46:34,594  INFO StudentOperation,main:23 - 107 sanskrit
07:46:34,595  INFO StudentOperation,main:25 - select
1.for course selection
2.upload graden3.for view course details
07:47:00,739  INFO StudentOperation,main:33 - enter the courseId you going to teach
07:48:19,087  INFO SMSClient,main:17 - enter username
07:48:32,349  INFO SMSClient,main:19 - enter password
07:48:37,621  INFO SMSClient,main:15 - 2
07:48:37,621  INFO SMSClient,main:22 - going to Professor page
07:48:37,626  INFO StudentOperation,main:21 - showing all courses
07:48:37,626  INFO StudentOperation,main:23 - 101 history
07:48:37,626  INFO StudentOperation,main:23 - 102 maths
07:48:37,626  INFO StudentOperation,main:23 - 103 physics
07:48:37,626  INFO StudentOperation,main:23 - 104 chemistry
07:48:37,626  INFO StudentOperation,main:23 - 105 hindi
07:48:37,626  INFO StudentOperation,main:23 - 106 biology
07:48:37,627  INFO StudentOperation,main:23 - 107 sanskrit
07:48:37,627  INFO StudentOperation,main:25 - select
1.for course selection
2.upload graden
3.for view course details
07:48:48,750  INFO StudentOperation,main:33 - enter the courseId you going to teach
07:48:53,261  INFO SMSClient,main:27 - Rows impacted : 1
07:52:51,547  INFO SMSClient,main:17 - enter username
07:52:56,769  INFO SMSClient,main:19 - enter password
07:53:01,891  INFO SMSClient,main:15 - 1
07:53:01,891  INFO SMSClient,main:17 - going to student page
07:53:01,895  INFO StudentOperation,main:26 - showing all courses
07:53:01,896  INFO StudentOperation,main:28 - 101 history
07:53:01,896  INFO StudentOperation,main:28 - 102 maths
07:53:01,896  INFO StudentOperation,main:28 - 103 physics
07:53:01,896  INFO StudentOperation,main:28 - 104 chemistry
07:53:01,896  INFO StudentOperation,main:28 - 105 hindi
07:53:01,897  INFO StudentOperation,main:28 - 106 biology
07:53:01,897  INFO StudentOperation,main:28 - 107 sanskrit
07:53:01,897  INFO StudentOperation,main:30 - now choosing the course
07:53:01,900  INFO StudentOperation,main:31 - enter the courseId of all 4 courses
08:49:17,658  INFO SMSClient,main:17 - enter username
08:49:21,773  INFO SMSClient,main:19 - enter password
08:49:26,710  INFO SMSClient,main:17 - 3
08:49:26,710  INFO SMSClient,main:29 - going to admin page
08:49:26,712  INFO SMSClient,main:31 - select
1.student opearation
2.professor operation
3.add/dropcourse
4.report card generation
08:49:34,763  INFO SMSClient,main:18 - select
1.create Student
2.delete Student
3.update Student
08:49:40,265  INFO SMSClient,main:25 - enter id username and password
08:52:15,340  INFO SMSClient,main:17 - enter username
08:52:21,568  INFO SMSClient,main:19 - enter password
08:52:26,936  INFO SMSClient,main:17 - 3
08:52:26,936  INFO SMSClient,main:29 - going to admin page
08:52:26,938  INFO SMSClient,main:31 - select
1.student opearation
2.professor operation
3.add/dropcourse
4.report card generation
08:52:34,184  INFO SMSClient,main:18 - select
1.create Student
2.delete Student
3.update Student
08:52:35,533  INFO SMSClient,main:25 - enter id username and password
08:53:56,877  INFO SMSClient,main:17 - enter username
08:54:01,384  INFO SMSClient,main:19 - enter password
08:54:06,176  INFO SMSClient,main:17 - 3
08:54:06,177  INFO SMSClient,main:29 - going to admin page
08:54:06,180  INFO SMSClient,main:31 - select
1.student opearation
2.professor operation
3.add/dropcourse
4.report card generation
08:54:09,907  INFO SMSClient,main:18 - select
1.create Student
2.delete Student
3.update Student
08:54:10,849  INFO SMSClient,main:25 - enter id username and password
08:56:27,230  INFO SMSClient,main:17 - enter username
08:56:43,629  INFO SMSClient,main:19 - enter password
08:56:48,380  INFO SMSClient,main:17 - 3
08:56:48,380  INFO SMSClient,main:29 - going to admin page
08:56:48,382  INFO SMSClient,main:31 - select
1.student opearation
2.professor operation
3.add/dropcourse
4.report card generation
08:56:54,908  INFO SMSClient,main:35 - select
1.create professor
2.delete professor
3.update professor
08:56:57,628  INFO SMSClient,main:25 - enter id username and password
09:29:34,615  INFO SMSClient,main:17 - enter username
09:29:38,881  INFO SMSClient,main:19 - enter password
09:29:43,629  INFO SMSClient,main:17 - 3
09:29:43,629  INFO SMSClient,main:29 - going to admin page
09:29:43,632  INFO SMSClient,main:31 - select
1.student opearation
2.professor operation
3.addNewcourse
4.dropOldcourse
5.report card generation
09:29:48,255  INFO SMSClient,main:19 - select
1.create Student
2.delete Student
3.update Student
09:29:51,377  INFO SMSClient,main:26 - enter id username and password
10:03:22,942  INFO SMSClient,main:17 - enter username
10:03:27,680  INFO SMSClient,main:19 - enter password
10:03:34,056  INFO SMSClient,main:17 - 1
10:03:34,056  INFO SMSClient,main:19 - going to student page
10:03:34,064  INFO StudentOperation,main:26 - showing all courses
10:03:34,064  INFO StudentOperation,main:28 - 101 history
10:03:34,064  INFO StudentOperation,main:28 - 102 maths
10:03:34,065  INFO StudentOperation,main:28 - 103 physics
10:03:34,065  INFO StudentOperation,main:28 - 104 chemistry
10:03:34,065  INFO StudentOperation,main:28 - 105 hindi
10:03:34,066  INFO StudentOperation,main:28 - 106 biology
10:03:34,067  INFO StudentOperation,main:28 - 107 sanskrit
10:03:34,067  INFO StudentOperation,main:30 - now choosing the course
10:03:34,068  INFO StudentOperation,main:31 - enter the courseId of all 4 courses
10:04:47,032  INFO SMSClient,main:17 - enter username
10:04:50,474  INFO SMSClient,main:19 - enter password
10:04:57,583  INFO SMSClient,main:17 - 1
10:04:57,584  INFO SMSClient,main:19 - going to student page
10:04:57,589  INFO StudentOperation,main:26 - showing all courses
10:04:57,590  INFO StudentOperation,main:28 - 101 history
10:04:57,591  INFO StudentOperation,main:28 - 102 maths
10:04:57,591  INFO StudentOperation,main:28 - 103 physics
10:04:57,591  INFO StudentOperation,main:28 - 104 chemistry
10:04:57,592  INFO StudentOperation,main:28 - 105 hindi
10:04:57,592  INFO StudentOperation,main:28 - 106 biology
10:04:57,593  INFO StudentOperation,main:28 - 107 sanskrit
10:04:57,593  INFO StudentOperation,main:30 - now choosing the course
10:04:57,597  INFO StudentOperation,main:31 - enter the courseId of all 4 courses
10:05:09,418  INFO StudentOperation,main:37 - enter the courseId of 2 alternate course
10:05:15,341  INFO StudentOperation,main:48 - choose
 1.for registe
2.for adding courses
3.for dropping course
10:06:38,259  INFO SMSClient,main:17 - enter username
10:06:41,006  INFO SMSClient,main:19 - enter password
10:06:46,985  INFO SMSClient,main:17 - 2
10:06:46,986  INFO SMSClient,main:24 - going to Professor page
10:06:46,996  INFO StudentOperation,main:21 - showing all courses
10:06:46,996  INFO StudentOperation,main:23 - 101 history
10:06:46,997  INFO StudentOperation,main:23 - 102 maths
10:06:46,997  INFO StudentOperation,main:23 - 103 physics
10:06:46,998  INFO StudentOperation,main:23 - 104 chemistry
10:06:46,998  INFO StudentOperation,main:23 - 105 hindi
10:06:46,998  INFO StudentOperation,main:23 - 106 biology
10:06:46,998  INFO StudentOperation,main:23 - 107 sanskrit
10:06:46,999  INFO StudentOperation,main:25 - select
1.for course selection
2.upload graden
3.for view course details with student
10:07:02,876  INFO StudentOperation,main:33 - enter the courseId you going to teach
10:07:50,339  INFO SMSClient,main:27 - Rows impacted : 1
12:21:56,290  INFO SMSClient,main:17 - enter username
12:22:09,176  INFO SMSClient,main:19 - enter password
12:22:14,934  INFO SMSClient,main:17 - 3
12:22:14,934  INFO SMSClient,main:29 - going to admin page
12:22:14,938  INFO SMSClient,main:31 - select
1.student opearation
2.professor operation
3.addNewcourse
4.dropOldcourse
5.report card generation
12:22:23,298  INFO SMSClient,main:19 - select
1.create Student
2.delete Student
3.update Student
12:22:29,047  INFO SMSClient,main:26 - enter id username and password
12:22:56,099  INFO SMSClient,main:17 - enter username
12:22:59,334  INFO SMSClient,main:19 - enter password
12:23:04,968  INFO SMSClient,main:17 - 3
12:23:04,969  INFO SMSClient,main:29 - going to admin page
12:23:04,971  INFO SMSClient,main:31 - select
1.student opearation
2.professor operation
3.addNewcourse
4.dropOldcourse
5.report card generation
12:23:08,332  INFO SMSClient,main:36 - select
1.create professor
2.delete professor
3.update professor
12:23:15,026  INFO SMSClient,main:26 - enter id username and password
14:18:49,813  INFO SMSClient,main:17 - enter username
14:18:53,910  INFO SMSClient,main:19 - enter password
14:18:58,829  INFO SMSClient,main:24 - student page at 14:18:49.812  12-JUNE 2020
14:18:58,829  INFO SMSClient,main:25 - going to student page
14:18:58,845  INFO StudentOperation,main:26 - showing all courses
14:18:58,845  INFO StudentOperation,main:28 - 101 history
14:18:58,845  INFO StudentOperation,main:28 - 102 maths
14:18:58,845  INFO StudentOperation,main:28 - 103 physics
14:18:58,846  INFO StudentOperation,main:28 - 104 chemistry
14:18:58,846  INFO StudentOperation,main:28 - 105 hindi
14:18:58,846  INFO StudentOperation,main:28 - 106 biology
14:18:58,846  INFO StudentOperation,main:28 - 107 sanskrit
14:18:58,846  INFO StudentOperation,main:30 - now choosing the course
14:18:58,848  INFO StudentOperation,main:31 - enter the courseId of all 4 courses
14:21:21,921  INFO SMSClient,main:17 - enter username
14:21:26,216  INFO SMSClient,main:19 - enter password
14:21:28,741 ERROR SMSClient,main:52 - error in credentials at 14:21:21.920  12-JUNE 2020
14:31:54,407  INFO SMSClient,main:17 - enter username
14:31:58,278  INFO SMSClient,main:19 - enter password
14:32:02,873  INFO SMSClient,main:30 - professor 3 logged in at 14:31:54.406  12-JUNE 2020 on FRIDAY
14:32:02,874  INFO SMSClient,main:31 - going to Professor page 
14:32:02,890  INFO StudentOperation,main:21 - showing all courses
14:32:02,891  INFO StudentOperation,main:23 - 101 history
14:32:02,891  INFO StudentOperation,main:23 - 102 maths
14:32:02,891  INFO StudentOperation,main:23 - 103 physics
14:32:02,891  INFO StudentOperation,main:23 - 104 chemistry
14:32:02,891  INFO StudentOperation,main:23 - 105 hindi
14:32:02,891  INFO StudentOperation,main:23 - 106 biology
14:32:02,891  INFO StudentOperation,main:23 - 107 sanskrit
14:32:02,892  INFO StudentOperation,main:25 - select
1.for course selection
2.upload graden
3.for view course details with student
14:32:16,011  INFO SMSClient,main:17 - enter username
14:32:22,268  INFO SMSClient,main:19 - enter password
14:32:25,286 ERROR SMSClient,main:52 - error in credentials at 14:32:16.010  12-JUNE 2020
14:32:56,089  INFO SMSClient,main:17 - enter username
14:33:00,248  INFO SMSClient,main:19 - enter password
14:33:03,020 ERROR SMSClient,main:52 - error in credentials at 14:32:56.088  12-JUNE 2020 on FRIDAY
14:35:26,854  INFO SMSClient,main:17 - enter username
14:35:30,487  INFO SMSClient,main:19 - enter password
14:35:33,306 ERROR SMSClient,main:53 - error in credentials at 14:35:26.854  12-JUNE 2020 on FRIDAY
14:35:33,315  INFO SMSClient,main:54 - enter username
14:35:36,839  INFO SMSClient,main:56 - enter password
14:35:39,797  INFO SMSClient,main:24 - student 2 logged in  at 14:35:26.854  12-JUNE 2020 on FRIDAY
14:35:39,797  INFO SMSClient,main:25 - going to student page
14:35:39,837  INFO StudentOperation,main:26 - showing all courses
14:35:39,837  INFO StudentOperation,main:28 - 101 history
14:35:39,837  INFO StudentOperation,main:28 - 102 maths
14:35:39,838  INFO StudentOperation,main:28 - 103 physics
14:35:39,838  INFO StudentOperation,main:28 - 104 chemistry
14:35:39,838  INFO StudentOperation,main:28 - 105 hindi
14:35:39,838  INFO StudentOperation,main:28 - 106 biology
14:35:39,838  INFO StudentOperation,main:28 - 107 sanskrit
14:35:39,839  INFO StudentOperation,main:30 - now choosing the course
14:35:39,840  INFO StudentOperation,main:31 - enter the courseId of all 4 courses
14:36:42,148  INFO SMSClient,main:17 - enter username
14:36:47,258  INFO SMSClient,main:19 - enter password
14:36:52,132  INFO SMSClient,main:24 - student 2 logged in  at 14:36:42.147 , 12-JUNE 2020 on FRIDAY
14:36:52,133  INFO SMSClient,main:25 - going to student page
14:36:52,148  INFO StudentOperation,main:26 - showing all courses
14:36:52,148  INFO StudentOperation,main:28 - 101 history
14:36:52,148  INFO StudentOperation,main:28 - 102 maths
14:36:52,149  INFO StudentOperation,main:28 - 103 physics
14:36:52,149  INFO StudentOperation,main:28 - 104 chemistry
14:36:52,149  INFO StudentOperation,main:28 - 105 hindi
14:36:52,149  INFO StudentOperation,main:28 - 106 biology
14:36:52,149  INFO StudentOperation,main:28 - 107 sanskrit
14:36:52,150  INFO StudentOperation,main:30 - now choosing the course
14:36:52,152  INFO StudentOperation,main:31 - enter the courseId of all 4 courses
14:37:39,380  INFO SMSClient,main:17 - enter username
14:37:42,675  INFO SMSClient,main:19 - enter password
14:37:46,947  INFO SMSClient,main:24 - student with id 2 logged in  at 14:37:39.379 , 12-JUNE 2020 on FRIDAY
14:37:46,947  INFO SMSClient,main:25 - going to student page
14:37:46,961  INFO StudentOperation,main:26 - showing all courses
14:37:46,962  INFO StudentOperation,main:28 - 101 history
14:37:46,962  INFO StudentOperation,main:28 - 102 maths
14:37:46,962  INFO StudentOperation,main:28 - 103 physics
14:37:46,962  INFO StudentOperation,main:28 - 104 chemistry
14:37:46,962  INFO StudentOperation,main:28 - 105 hindi
14:37:46,962  INFO StudentOperation,main:28 - 106 biology
14:37:46,962  INFO StudentOperation,main:28 - 107 sanskrit
14:37:46,963  INFO StudentOperation,main:30 - now choosing the course
14:37:46,965  INFO StudentOperation,main:31 - enter the courseId of all 4 courses
16:28:32,870  INFO SMSClient,main:17 - enter username
16:28:39,389  INFO SMSClient,main:19 - enter password
16:28:44,481  INFO SMSClient,main:24 - student with id 2 logged in  at 16:28:32.869 , 12-JUNE 2020 on FRIDAY
16:28:44,481  INFO SMSClient,main:25 - going to student page
16:28:44,497  INFO StudentOperation,main:26 - showing all courses
16:28:44,498  INFO StudentOperation,main:31 - now choosing the course
16:28:44,501  INFO StudentOperation,main:31 - enter the courseId of all 4 courses
06:02:25,402  INFO SMSClient,main:17 - enter username
06:02:30,301  INFO SMSClient,main:19 - enter password
06:02:34,890  INFO SMSClient,main:25 - student with id 2 logged in  at 06:02:25.401 , 13-JUNE 2020 on SATURDAY
06:02:34,898  INFO SMSClient,main:26 - going to student page
06:02:34,905  INFO StudentOperation,main:26 - showing all courses
06:02:34,906  INFO StudentOperation,main:31 - now choosing the course
06:02:34,909  INFO StudentOperation,main:31 - enter the courseId of all 4 courses
06:05:13,452  INFO SMSClient,main:17 - enter username
06:05:18,565  INFO SMSClient,main:19 - enter password
06:05:22,485  INFO SMSClient,main:25 - student with name raja logged in  at 06:05:13.451 , 13-JUNE 2020 on SATURDAY
06:05:22,485  INFO SMSClient,main:26 - going to student page
06:05:22,498  INFO StudentOperation,main:26 - showing all courses
06:05:22,499  INFO StudentOperation,main:31 - now choosing the course
06:05:22,501  INFO StudentOperation,main:31 - enter the courseId of all 4 courses
06:08:50,830  INFO SMSClient,main:17 - enter username
06:08:54,285  INFO SMSClient,main:19 - enter password
06:08:59,273  INFO SMSClient,main:37 - admin logged at 06:08:50.829 , 13-JUNE 2020 on SATURDAY
06:08:59,274  INFO SMSClient,main:38 - going to admin page
06:08:59,277  INFO SMSClient,main:19 - select
1.student opearation
2.professor operation
3.addNewcourse
4.dropOldcourse
5.report card generation
06:11:38,922  INFO SMSClient,main:17 - enter username
06:11:43,947  INFO SMSClient,main:19 - enter password
06:11:49,465  INFO SMSClient,main:37 - admin logged at 06:11:38.920 , 13-JUNE 2020 on SATURDAY
06:11:49,466  INFO SMSClient,main:38 - going to admin page
06:11:49,468  INFO SMSClient,main:19 - select choices
06:11:49,469  INFO SMSClient,main:19 - 1.student opearation
06:11:49,469  INFO SMSClient,main:19 - 2.professor operation
06:11:49,469  INFO SMSClient,main:20 - 3.addNewcourse
06:11:49,469  INFO SMSClient,main:20 - 4.dropOldcourse
06:11:49,469  INFO SMSClient,main:20 - 5.report card generation
06:29:19,700  INFO SMSClient,main:17 - enter username
06:29:25,039  INFO SMSClient,main:19 - enter password
06:29:29,709  INFO SMSClient,main:37 - admin logged at 06:29:19.699 , 13-JUNE 2020 on SATURDAY
06:29:29,709  INFO SMSClient,main:38 - going to admin page
06:29:29,712  INFO SMSClient,main:20 - select choices
06:29:29,713  INFO SMSClient,main:20 - 1.student opearation
06:29:29,713  INFO SMSClient,main:20 - 2.professor operation
06:29:29,713  INFO SMSClient,main:21 - 3.addNewcourse
06:29:29,713  INFO SMSClient,main:21 - 4.dropOldcourse
06:29:29,713  INFO SMSClient,main:21 - 5.report card generation
06:29:38,144  INFO SMSClient,main:32 - select
1.create Student
2.delete Student
3.update Student
06:29:47,926  INFO SMSClient,main:39 -  username and password and role
06:30:07,324 ERROR SMSClient,main:32 - sql exceptionColumn count doesn't match value count at row 1
06:30:07,325  INFO SMSClient,main:45 - enter student details
06:30:07,326  INFO SMSClient,main:47 - student name 
06:36:40,450  INFO SMSClient,main:17 - enter username
06:36:45,130  INFO SMSClient,main:19 - enter password
06:36:49,497  INFO SMSClient,main:37 - admin logged at 06:36:40.449 , 13-JUNE 2020 on SATURDAY
06:36:49,498  INFO SMSClient,main:38 - going to admin page
06:36:49,501  INFO SMSClient,main:20 - select choice
06:36:49,501  INFO SMSClient,main:20 - 1.student opearation
06:36:49,501  INFO SMSClient,main:20 - 2.professor operation
06:36:49,501  INFO SMSClient,main:21 - 3.addNewcourse
06:36:49,501  INFO SMSClient,main:21 - 4.dropOldcourse
06:36:49,502  INFO SMSClient,main:21 - 5.report card generation
06:36:57,909  INFO SMSClient,main:32 - select choice
06:36:57,909  INFO SMSClient,main:32 - n1.create Student
06:36:57,909  INFO SMSClient,main:32 - 2.delete Student
06:36:57,910  INFO SMSClient,main:33 - 3.update Student
06:37:04,189  INFO SMSClient,main:40 -  userID ,username , password and role
06:37:16,577  INFO SMSClient,main:47 - enter student details
06:37:16,578  INFO SMSClient,main:49 - student name 
06:37:36,938  INFO SMSClient,main:51 - student enrollment number
06:38:25,844  INFO SMSClient,main:17 - enter username
06:38:30,078  INFO SMSClient,main:19 - enter password
06:38:33,963  INFO SMSClient,main:37 - admin logged at 06:38:25.843 , 13-JUNE 2020 on SATURDAY
06:38:33,964  INFO SMSClient,main:38 - going to admin page
06:38:33,966  INFO SMSClient,main:20 - select choice
06:38:33,966  INFO SMSClient,main:20 - 1.student opearation
06:38:33,967  INFO SMSClient,main:20 - 2.professor operation
06:38:33,967  INFO SMSClient,main:21 - 3.addNewcourse
06:38:33,967  INFO SMSClient,main:21 - 4.dropOldcourse
06:38:33,967  INFO SMSClient,main:21 - 5.report card generation
06:38:35,759  INFO SMSClient,main:32 - select choice
06:38:35,760  INFO SMSClient,main:32 - n1.create Student
06:38:35,760  INFO SMSClient,main:32 - 2.delete Student
06:38:35,760  INFO SMSClient,main:33 - 3.update Student
06:38:38,413  INFO SMSClient,main:49 - student name 
06:38:38,413  INFO SMSClient,main:51 - student enrollment number
06:39:30,431  INFO SMSClient,main:17 - enter username
06:39:33,766  INFO SMSClient,main:19 - enter password
06:39:37,436  INFO SMSClient,main:37 - admin logged at 06:39:30.429 , 13-JUNE 2020 on SATURDAY
06:39:37,437  INFO SMSClient,main:38 - going to admin page
06:39:37,439  INFO SMSClient,main:20 - select choice
06:39:37,439  INFO SMSClient,main:20 - 1.student opearation
06:39:37,440  INFO SMSClient,main:20 - 2.professor operation
06:39:37,440  INFO SMSClient,main:21 - 3.addNewcourse
06:39:37,440  INFO SMSClient,main:21 - 4.dropOldcourse
06:39:37,440  INFO SMSClient,main:21 - 5.report card generation
06:39:39,008  INFO SMSClient,main:32 - select choice
06:39:39,009  INFO SMSClient,main:32 - n1.create Student
06:39:39,009  INFO SMSClient,main:32 - 2.delete Student
06:39:39,009  INFO SMSClient,main:33 - 3.update Student
06:39:39,983  INFO SMSClient,main:50 - student name 
06:39:45,748  INFO SMSClient,main:52 - student enrollment number
06:59:32,493  INFO SMSClient,main:17 - enter username
06:59:37,278  INFO SMSClient,main:19 - enter password
06:59:42,408  INFO SMSClient,main:37 - admin logged at 06:59:32.492 , 13-JUNE 2020 on SATURDAY
06:59:42,410  INFO SMSClient,main:38 - going to admin page
06:59:42,413  INFO SMSClient,main:20 - select choice
06:59:42,413  INFO SMSClient,main:20 - 1.student opearation
06:59:42,413  INFO SMSClient,main:20 - 2.professor operation
06:59:42,414  INFO SMSClient,main:21 - 3.addNewcourse
06:59:42,414  INFO SMSClient,main:21 - 4.dropOldcourse
06:59:42,414  INFO SMSClient,main:21 - 5.report card generation
06:59:55,715  INFO SMSClient,main:32 - select choice
06:59:55,716  INFO SMSClient,main:32 - n1.create Student
06:59:55,716  INFO SMSClient,main:32 - 2.delete Student
06:59:55,717  INFO SMSClient,main:33 - 3.update Student
06:59:58,070  INFO SMSClient,main:40 -  userID ,username , password and role
07:00:07,136  INFO SMSClient,main:47 - enter student details
07:00:07,139  INFO SMSClient,main:51 - student name 
07:00:27,278  INFO SMSClient,main:53 - student address
07:00:38,908  INFO SMSClient,main:55 - student enrollment number
07:00:42,849  INFO SMSClient,main:57 - student email
07:00:50,348  INFO SMSClient,main:59 - student dob : date/month/year
07:01:05,268  INFO SMSClient,main:61 - student mobile number
07:01:12,866  INFO SMSClient,main:63 - student gender : 'male'/'female'
07:03:43,484  INFO SMSClient,main:17 - enter username
07:03:46,555  INFO SMSClient,main:19 - enter password
07:03:50,851  INFO SMSClient,main:37 - admin logged at 07:03:43.484 , 13-JUNE 2020 on SATURDAY
07:03:50,851  INFO SMSClient,main:38 - going to admin page
07:03:50,854  INFO SMSClient,main:20 - select choice
07:03:50,854  INFO SMSClient,main:20 - 1.student opearation
07:03:50,854  INFO SMSClient,main:20 - 2.professor operation
07:03:50,855  INFO SMSClient,main:21 - 3.addNewcourse
07:03:50,855  INFO SMSClient,main:21 - 4.dropOldcourse
07:03:50,855  INFO SMSClient,main:21 - 5.report card generation
07:03:53,384  INFO SMSClient,main:32 - select choice
07:03:53,384  INFO SMSClient,main:32 - n1.create Student
07:03:53,384  INFO SMSClient,main:32 - 2.delete Student
07:03:53,385  INFO SMSClient,main:33 - 3.update Student
07:03:55,063  INFO SMSClient,main:40 -  userID ,username , password and role
07:04:06,468  INFO SMSClient,main:32 - user with username rani is added
07:04:06,469  INFO SMSClient,main:47 - enter student details
07:04:06,470  INFO SMSClient,main:51 - student name 
07:04:30,036  INFO SMSClient,main:53 - student address
07:04:39,118  INFO SMSClient,main:55 - student enrollment number
07:04:43,340  INFO SMSClient,main:57 - student email
07:04:50,651  INFO SMSClient,main:59 - student dob : date/month/year
07:04:59,405  INFO SMSClient,main:61 - student mobile number
07:05:06,422  INFO SMSClient,main:63 - student gender : 'male'/'female'
07:05:15,936  INFO SMSClient,main:57 - student with name rani kumari is added
07:31:24,121  INFO SMSClient,main:17 - enter username
07:31:28,510  INFO SMSClient,main:19 - enter password
07:31:33,612  INFO SMSClient,main:37 - admin logged at 07:31:24.120 , 13-JUNE 2020 on SATURDAY
07:31:33,612  INFO SMSClient,main:38 - going to admin page
07:31:33,616  INFO SMSClient,main:21 - select choice
07:31:33,617  INFO SMSClient,main:21 - 1.student opearation
07:31:33,617  INFO SMSClient,main:21 - 2.professor operation
07:31:33,617  INFO SMSClient,main:22 - 3.addNewcourse
07:31:33,617  INFO SMSClient,main:22 - 4.dropOldcourse
07:31:33,617  INFO SMSClient,main:22 - 5.report card generation
07:31:36,495  INFO SMSClient,main:77 - select
1.create professor
2.delete professor
3.update professor
07:31:42,068  INFO SMSClient,main:41 -  userID ,username , password and role
07:32:03,451  INFO SMSClient,main:33 - user with username dilip is added
07:32:03,452  INFO SMSClient,main:85 - enter professor details
07:32:03,455  INFO SMSClient,main:89 - professor name 
07:32:20,396  INFO SMSClient,main:91 - professor address
07:32:25,448  INFO SMSClient,main:93 - professor email
07:32:32,110  INFO SMSClient,main:95 - professor room number
07:32:43,311  INFO SMSClient,main:97 - professor mobile number
07:32:49,646  INFO SMSClient,main:99 - professor gender : 'male'/'female'
07:32:52,530 ERROR SMSClient,main:81 - sql exceptionNo value specified for parameter 8
07:33:31,491  INFO SMSClient,main:17 - enter username
07:33:35,139  INFO SMSClient,main:19 - enter password
07:33:39,955  INFO SMSClient,main:37 - admin logged at 07:33:31.490 , 13-JUNE 2020 on SATURDAY
07:33:39,956  INFO SMSClient,main:38 - going to admin page
07:33:39,958  INFO SMSClient,main:21 - select choice
07:33:39,959  INFO SMSClient,main:21 - 1.student opearation
07:33:39,959  INFO SMSClient,main:21 - 2.professor operation
07:33:39,959  INFO SMSClient,main:22 - 3.addNewcourse
07:33:39,959  INFO SMSClient,main:22 - 4.dropOldcourse
07:33:39,959  INFO SMSClient,main:22 - 5.report card generation
07:33:42,200  INFO SMSClient,main:77 - select
1.create professor
2.delete professor
3.update professor
07:33:43,115  INFO SMSClient,main:41 -  userID ,username , password and role
07:33:54,206  INFO SMSClient,main:33 - user with username dilip is added
07:33:54,207  INFO SMSClient,main:85 - enter professor details
07:33:54,209  INFO SMSClient,main:89 - professor name 
07:34:17,851  INFO SMSClient,main:91 - professor address
07:34:23,826  INFO SMSClient,main:93 - professor email
07:34:28,589  INFO SMSClient,main:95 - professor room number
07:34:34,123  INFO SMSClient,main:97 - professor mobile number
07:34:41,185  INFO SMSClient,main:99 - professor gender : 'male'/'female'
07:34:43,995  INFO SMSClient,main:79 - professor with name dilip kumar is added
08:38:56,275  INFO SMSClient,main:17 - enter username
08:39:00,566  INFO SMSClient,main:19 - enter password
08:39:05,609  INFO SMSClient,main:37 - admin logged at 08:38:56.274 , 13-JUNE 2020 on SATURDAY
08:39:05,610  INFO SMSClient,main:38 - going to admin page
08:39:05,613  INFO SMSClient,main:21 - select choice
08:39:05,613  INFO SMSClient,main:21 - 1.student opearation
08:39:05,614  INFO SMSClient,main:21 - 2.professor operation
08:39:05,614  INFO SMSClient,main:22 - 3.addNewcourse
08:39:05,614  INFO SMSClient,main:22 - 4.dropOldcourse
08:39:05,614  INFO SMSClient,main:22 - 5.report card generation
08:39:11,437  INFO SMSClient,main:33 - select choice
08:39:11,438  INFO SMSClient,main:33 - 1.create Student
08:39:11,438  INFO SMSClient,main:33 - 2.delete Student
08:39:11,438  INFO SMSClient,main:34 - 3.update Student
08:39:13,750  INFO SMSClient,main:58 - enter the username of student to delete
08:39:16,542  INFO SMSClient,main:102 - student with username raja is deleted
08:40:04,038  INFO SMSClient,main:17 - enter username
08:40:07,091  INFO SMSClient,main:19 - enter password
08:40:11,860  INFO SMSClient,main:37 - admin logged at 08:40:04.037 , 13-JUNE 2020 on SATURDAY
08:40:11,861  INFO SMSClient,main:38 - going to admin page
08:40:11,864  INFO SMSClient,main:21 - select choice
08:40:11,865  INFO SMSClient,main:21 - 1.student opearation
08:40:11,865  INFO SMSClient,main:21 - 2.professor operation
08:40:11,865  INFO SMSClient,main:22 - 3.addNewcourse
08:40:11,865  INFO SMSClient,main:22 - 4.dropOldcourse
08:40:11,866  INFO SMSClient,main:22 - 5.report card generation
08:40:13,683  INFO SMSClient,main:33 - select choice
08:40:13,684  INFO SMSClient,main:33 - 1.create Student
08:40:13,684  INFO SMSClient,main:33 - 2.delete Student
08:40:13,684  INFO SMSClient,main:34 - 3.update Student
08:40:15,402  INFO SMSClient,main:58 - enter the username of student to delete
08:40:18,863  INFO SMSClient,main:102 - student with username rani is deleted
08:42:03,791  INFO SMSClient,main:17 - enter username
08:42:08,467  INFO SMSClient,main:19 - enter password
08:42:14,321  INFO SMSClient,main:37 - admin logged at 08:42:03.789 , 13-JUNE 2020 on SATURDAY
08:42:14,322  INFO SMSClient,main:38 - going to admin page
08:42:14,390  INFO SMSClient,main:21 - select choice
08:42:14,391  INFO SMSClient,main:21 - 1.student opearation
08:42:14,391  INFO SMSClient,main:21 - 2.professor operation
08:42:14,391  INFO SMSClient,main:22 - 3.addNewcourse
08:42:14,393  INFO SMSClient,main:22 - 4.dropOldcourse
08:42:14,393  INFO SMSClient,main:22 - 5.report card generation
08:42:16,380  INFO SMSClient,main:33 - select choice
08:42:16,380  INFO SMSClient,main:33 - 1.create Student
08:42:16,381  INFO SMSClient,main:33 - 2.delete Student
08:42:16,381  INFO SMSClient,main:34 - 3.update Student
08:42:18,236  INFO SMSClient,main:44 -  userID ,username and password
08:42:25,820  INFO SMSClient,main:33 - user with username raja is added
08:42:25,821  INFO SMSClient,main:64 - enter student details
08:42:25,846  INFO SMSClient,main:68 - student name 
08:42:32,560  INFO SMSClient,main:70 - student address
08:42:37,859  INFO SMSClient,main:72 - student enrollment number
08:42:41,168  INFO SMSClient,main:74 - student email
08:42:46,628  INFO SMSClient,main:76 - student dob : date/month/year
08:42:52,435  INFO SMSClient,main:78 - student mobile number
08:42:59,773  INFO SMSClient,main:80 - student gender : 'male'/'female'
08:43:02,645  INFO SMSClient,main:58 - student with name raja babu is added
08:43:21,600  INFO SMSClient,main:17 - enter username
08:43:24,411  INFO SMSClient,main:19 - enter password
08:43:29,457  INFO SMSClient,main:37 - admin logged at 08:43:21.599 , 13-JUNE 2020 on SATURDAY
08:43:29,457  INFO SMSClient,main:38 - going to admin page
08:43:29,463  INFO SMSClient,main:21 - select choice
08:43:29,464  INFO SMSClient,main:21 - 1.student opearation
08:43:29,464  INFO SMSClient,main:21 - 2.professor operation
08:43:29,464  INFO SMSClient,main:22 - 3.addNewcourse
08:43:29,465  INFO SMSClient,main:22 - 4.dropOldcourse
08:43:29,466  INFO SMSClient,main:22 - 5.report card generation
08:43:46,795  INFO SMSClient,main:33 - select choice
08:43:46,795  INFO SMSClient,main:33 - 1.create Student
08:43:46,796  INFO SMSClient,main:33 - 2.delete Student
08:43:46,796  INFO SMSClient,main:34 - 3.update Student
08:43:49,624  INFO SMSClient,main:58 - enter the username of student to delete
08:43:52,823  INFO SMSClient,main:102 - student with username raja is deleted
08:44:10,984  INFO SMSClient,main:17 - enter username
08:44:18,200  INFO SMSClient,main:19 - enter password
08:44:23,603  INFO SMSClient,main:37 - admin logged at 08:44:10.982 , 13-JUNE 2020 on SATURDAY
08:44:23,604  INFO SMSClient,main:38 - going to admin page
08:44:23,614  INFO SMSClient,main:21 - select choice
08:44:23,614  INFO SMSClient,main:21 - 1.student opearation
08:44:23,615  INFO SMSClient,main:21 - 2.professor operation
08:44:23,615  INFO SMSClient,main:22 - 3.addNewcourse
08:44:23,616  INFO SMSClient,main:22 - 4.dropOldcourse
08:44:23,616  INFO SMSClient,main:22 - 5.report card generation
08:44:26,426  INFO SMSClient,main:88 - select choice
08:44:26,426  INFO SMSClient,main:88 - 1.create professor
08:44:26,427  INFO SMSClient,main:88 - 2.delete professor
08:44:26,427  INFO SMSClient,main:89 - 3.update professor
08:44:28,497  INFO SMSClient,main:58 - enter the username of student to delete
08:44:32,602  INFO SMSClient,main:104 - professor with username dilip is deleted
08:56:15,132  INFO SMSClient,main:17 - enter username
08:56:22,863  INFO SMSClient,main:19 - enter password
08:56:26,232 ERROR SMSClient,main:43 - error in credentials at 08:56:26.231  13 JUNE 2020 on SATURDAY
08:56:26,232  INFO SMSClient,main:44 - enter username
08:56:48,109  INFO SMSClient,main:46 - enter password
08:56:50,875  INFO SMSClient,main:30 - professor with id amit logged in at 08:56:26.231  13 JUNE 2020 on SATURDAY
08:56:50,875  INFO SMSClient,main:31 - going to Professor page 
08:56:50,965  INFO StudentOperation,main:21 - showing all courses
08:56:50,966  INFO StudentOperation,main:26 - select
1.for course selection
2.upload graden
3.for view course details with student
09:18:19,844  INFO SMSClient,main:17 - enter username
09:18:25,368  INFO SMSClient,main:19 - enter password
09:18:30,562  INFO SMSClient,main:36 - admin logged at 09:18:30.562  13 JUNE 2020 on SATURDAY
09:18:30,563  INFO SMSClient,main:37 - going to admin page
09:18:30,566  INFO SMSClient,main:21 - select choice
09:18:30,567  INFO SMSClient,main:21 - 1.student opearation
09:18:30,568  INFO SMSClient,main:21 - 2.professor operation
09:18:30,568  INFO SMSClient,main:22 - 3.addNewcourse
09:18:30,569  INFO SMSClient,main:22 - 4.dropOldcourse
09:18:30,569  INFO SMSClient,main:22 - 5.report card generation
09:18:48,541  INFO SMSClient,main:33 - select choice
09:18:48,542  INFO SMSClient,main:33 - 1.create Student
09:18:48,542  INFO SMSClient,main:33 - 2.delete Student
09:18:48,542  INFO SMSClient,main:34 - 3.update Student
09:18:58,822  INFO SMSClient,main:44 -  userID ,username and password
09:19:12,003  INFO SMSClient,main:36 - user with username raj is added
09:19:12,004  INFO SMSClient,main:64 - enter student details
09:19:12,010  INFO SMSClient,main:68 - student name 
09:19:21,256  INFO SMSClient,main:70 - student address
09:19:24,467  INFO SMSClient,main:72 - student enrollment number
09:19:26,676  INFO SMSClient,main:74 - student email
09:19:29,567  INFO SMSClient,main:76 - student dob : date/month/year
09:19:34,609  INFO SMSClient,main:78 - student mobile number
09:19:38,860  INFO SMSClient,main:80 - student gender : 'male'/'female'
09:19:41,570  INFO SMSClient,main:63 - student with name raja kumar is added 09:18:30.562  13 JUNE 2020 on SATURDAY
09:20:15,461  INFO SMSClient,main:17 - enter username
09:20:19,116  INFO SMSClient,main:19 - enter password
09:20:23,707  INFO SMSClient,main:24 - student with username raj logged in  at 09:20:23.706  13 JUNE 2020 on SATURDAY
09:20:23,708  INFO SMSClient,main:25 - going to student page
09:20:23,713  INFO StudentOperation,main:26 - showing all courses
09:20:23,715  INFO StudentOperation,main:31 - now choosing the course
09:20:23,806  INFO StudentOperation,main:31 - enter the courseId of all 4 courses
09:20:42,797  INFO StudentOperation,main:37 - enter the courseId of 2 alternate course
09:20:50,012  INFO StudentOperation,main:48 - choose
 1.for registe
2.for adding courses
3.for dropping course
09:51:48,273  INFO SMSClient,main:17 - enter username
09:51:52,774  INFO SMSClient,main:19 - enter password
09:51:59,435  INFO SMSClient,main:36 - admin logged at 09:51:59.433  13 JUNE 2020 on SATURDAY
09:51:59,436  INFO SMSClient,main:37 - going to admin page
09:51:59,440  INFO SMSClient,main:21 - select choice
09:51:59,441  INFO SMSClient,main:21 - 1.student opearation
09:51:59,441  INFO SMSClient,main:21 - 2.professor operation
09:51:59,441  INFO SMSClient,main:22 - 3.addNewcourse
09:51:59,441  INFO SMSClient,main:22 - 4.dropOldcourse
09:51:59,442  INFO SMSClient,main:22 - 5.report card generation
06:41:28,247  INFO SMSClient,main:17 - enter username
06:41:34,042  INFO SMSClient,main:19 - enter password
06:41:39,261  INFO SMSClient,main:36 - admin logged at 06:41:39.260  14 JUNE 2020 on SUNDAY
06:41:39,261  INFO SMSClient,main:37 - going to admin page
06:41:39,298  INFO SMSClient,main:21 - select choice
06:41:39,298  INFO SMSClient,main:21 - 1.student opearation
06:41:39,299  INFO SMSClient,main:21 - 2.professor operation
06:41:39,299  INFO SMSClient,main:22 - 3.addNewcourse
06:41:39,299  INFO SMSClient,main:22 - 4.dropOldcourse
06:41:39,299  INFO SMSClient,main:22 - 5.report card generation
06:41:45,379  INFO SMSClient,main:33 - select choice
06:41:45,380  INFO SMSClient,main:33 - 1.create Student
06:41:45,380  INFO SMSClient,main:33 - 2.delete Student
06:41:45,381  INFO SMSClient,main:34 - 3.update Student
06:41:47,077  INFO SMSClient,main:44 -  userID ,username and password
06:41:57,589  INFO SMSClient,main:36 - user with username raj is added
06:41:57,590  INFO SMSClient,main:64 - enter student details
06:41:57,601  INFO SMSClient,main:68 - student name 
06:43:49,470  INFO SMSClient,main:17 - enter username
06:43:52,301  INFO SMSClient,main:19 - enter password
06:43:57,920  INFO SMSClient,main:36 - admin logged at 06:43:57.920  14 JUNE 2020 on SUNDAY
06:43:57,921  INFO SMSClient,main:37 - going to admin page
06:43:57,923  INFO SMSClient,main:21 - select choice
06:43:57,923  INFO SMSClient,main:21 - 1.student opearation
06:43:57,923  INFO SMSClient,main:21 - 2.professor operation
06:43:57,923  INFO SMSClient,main:22 - 3.addNewcourse
06:43:57,924  INFO SMSClient,main:22 - 4.dropOldcourse
06:43:57,924  INFO SMSClient,main:22 - 5.report card generation
06:43:59,617  INFO SMSClient,main:33 - select choice
06:43:59,618  INFO SMSClient,main:33 - 1.create Student
06:43:59,618  INFO SMSClient,main:33 - 2.delete Student
06:43:59,619  INFO SMSClient,main:34 - 3.update Student
06:44:00,249  INFO SMSClient,main:44 -  userID ,username and password
06:44:08,143 ERROR SMSClient,main:38 - sql exceptionDuplicate entry 'raj' for key 'userdata.PRIMARY'
06:44:08,144  INFO SMSClient,main:64 - enter student details
06:44:08,145  INFO SMSClient,main:68 - student name 
06:59:21,165  INFO SMSClient,main:17 - enter username
06:59:24,872  INFO SMSClient,main:19 - enter password
06:59:29,174  INFO SMSClient,main:36 - admin logged at 06:59:29.173  14 JUNE 2020 on SUNDAY
06:59:29,186  INFO SMSClient,main:37 - going to admin page
06:59:29,190  INFO SMSClient,main:21 - select choice
06:59:29,190  INFO SMSClient,main:21 - 1.student opearation
06:59:29,190  INFO SMSClient,main:21 - 2.professor operation
06:59:29,190  INFO SMSClient,main:22 - 3.addNewcourse
06:59:29,191  INFO SMSClient,main:22 - 4.dropOldcourse
06:59:29,191  INFO SMSClient,main:22 - 5.report card generation
06:59:32,727  INFO SMSClient,main:33 - select choice
06:59:32,728  INFO SMSClient,main:33 - 1.create Student
06:59:32,728  INFO SMSClient,main:33 - 2.delete Student
06:59:32,728  INFO SMSClient,main:34 - 3.update Student
06:59:34,344  INFO SMSClient,main:44 -  userID ,username and password
06:59:41,188 ERROR SMSClient,main:40 - sql exceptionDuplicate entry 'asd' for key 'userdata.PRIMARY'
06:59:41,189  INFO SMSClient,main:44 -  userID ,username and password
07:38:37,248  INFO SMSClient,main:17 - enter username
07:38:43,503  INFO SMSClient,main:19 - enter password
07:38:48,227  INFO SMSClient,main:36 - admin logged at 07:38:48.226  14 JUNE 2020 on SUNDAY
07:38:48,237  INFO SMSClient,main:37 - going to admin page
07:38:48,243  INFO SMSClient,main:22 - select choice
07:38:48,243  INFO SMSClient,main:22 - 1.student opearation
07:38:48,243  INFO SMSClient,main:22 - 2.professor operation
07:38:48,243  INFO SMSClient,main:23 - 3.addNewcourse
07:38:48,243  INFO SMSClient,main:23 - 4.dropOldcourse
07:38:48,244  INFO SMSClient,main:23 - 5.report card generation
07:38:55,830  INFO SMSClient,main:125 - give course details
07:38:55,830  INFO SMSClient,main:125 - CourseId , CourseName and catalogId
07:39:55,225  INFO SMSClient,main:17 - enter username
07:39:58,770  INFO SMSClient,main:19 - enter password
07:40:05,687  INFO SMSClient,main:36 - admin logged at 07:40:05.686  14 JUNE 2020 on SUNDAY
07:40:05,687  INFO SMSClient,main:37 - going to admin page
07:40:05,702  INFO SMSClient,main:22 - select choice
07:40:05,702  INFO SMSClient,main:22 - 1.student opearation
07:40:05,702  INFO SMSClient,main:22 - 2.professor operation
07:40:05,702  INFO SMSClient,main:23 - 3.addNewcourse
07:40:05,703  INFO SMSClient,main:23 - 4.dropOldcourse
07:40:05,703  INFO SMSClient,main:23 - 5.report card generation
07:40:12,737  INFO SMSClient,main:125 - give course details
07:40:12,737  INFO SMSClient,main:125 - CourseId , CourseName and catalogId
07:40:45,978  INFO SMSClient,main:136 - enter course credit
07:40:49,201  INFO SMSClient,main:138 - enter the course code
07:41:04,204  INFO SMSClient,main:140 - enter course info
07:41:04,317  INFO SMSClient,main:154 - course with name history is added 07:40:05.686  14 JUNE 2020 on SUNDAY
07:41:48,665  INFO SMSClient,main:17 - enter username
07:41:59,347  INFO SMSClient,main:19 - enter password
07:42:03,695  INFO SMSClient,main:36 - admin logged at 07:42:03.695  14 JUNE 2020 on SUNDAY
07:42:03,697  INFO SMSClient,main:37 - going to admin page
07:42:03,712  INFO SMSClient,main:22 - select choice
07:42:03,712  INFO SMSClient,main:22 - 1.student opearation
07:42:03,712  INFO SMSClient,main:22 - 2.professor operation
07:42:03,712  INFO SMSClient,main:23 - 3.addNewcourse
07:42:03,713  INFO SMSClient,main:23 - 4.dropOldcourse
07:42:03,713  INFO SMSClient,main:23 - 5.report card generation
07:42:05,546  INFO SMSClient,main:125 - give course details
07:42:05,546  INFO SMSClient,main:125 - CourseId , CourseName and catalogId
07:42:13,985  INFO SMSClient,main:136 - enter course credit
07:42:16,865  INFO SMSClient,main:138 - enter the course code
07:42:35,635  INFO SMSClient,main:140 - enter course info
07:42:43,978 ERROR SMSClient,main:156 - sql exceptionDuplicate entry 'history' for key 'course.PRIMARY'
07:46:36,443  INFO SMSClient,main:17 - enter username
07:47:02,695  INFO SMSClient,main:19 - enter password
07:47:07,468  INFO SMSClient,main:36 - admin logged at 07:47:07.468  14 JUNE 2020 on SUNDAY
07:47:07,478  INFO SMSClient,main:37 - going to admin page
07:47:07,484  INFO SMSClient,main:22 - select choice
07:47:07,485  INFO SMSClient,main:22 - 1.student opearation
07:47:07,485  INFO SMSClient,main:22 - 2.professor operation
07:47:07,485  INFO SMSClient,main:23 - 3.addNewcourse
07:47:07,485  INFO SMSClient,main:23 - 4.dropOldcourse
07:47:07,485  INFO SMSClient,main:23 - 5.report card generation
07:47:13,424  INFO SMSClient,main:125 - give course details
07:47:13,425  INFO SMSClient,main:125 - CourseId , CourseName and catalogId
07:47:24,220  INFO SMSClient,main:136 - enter course credit
07:47:26,189  INFO SMSClient,main:138 - enter the course code
07:47:30,270  INFO SMSClient,main:140 - enter course info
07:47:38,628  INFO SMSClient,main:154 - course with name history is added 07:47:07.468  14 JUNE 2020 on SUNDAY
07:48:02,762  INFO SMSClient,main:17 - enter username
07:48:06,785  INFO SMSClient,main:19 - enter password
07:48:11,327  INFO SMSClient,main:36 - admin logged at 07:48:11.327  14 JUNE 2020 on SUNDAY
07:48:11,338  INFO SMSClient,main:37 - going to admin page
07:48:11,343  INFO SMSClient,main:22 - select choice
07:48:11,343  INFO SMSClient,main:22 - 1.student opearation
07:48:11,343  INFO SMSClient,main:22 - 2.professor operation
07:48:11,343  INFO SMSClient,main:23 - 3.addNewcourse
07:48:11,343  INFO SMSClient,main:23 - 4.dropOldcourse
07:48:11,344  INFO SMSClient,main:23 - 5.report card generation
07:48:14,939  INFO SMSClient,main:125 - give course details
07:48:14,940  INFO SMSClient,main:125 - CourseId , CourseName and catalogId
07:48:22,362 ERROR SMSClient,main:135 - duplicate course Duplicate entry 'history' for key 'coursecatalog.PRIMARY'
07:48:22,362  INFO SMSClient,main:125 - give course details
07:48:22,362  INFO SMSClient,main:125 - CourseId , CourseName and catalogId
08:02:15,182  INFO SMSClient,main:17 - enter username
08:02:17,960  INFO SMSClient,main:19 - enter password
08:02:22,107 ERROR SMSClient,main:43 - error in credentials at 08:02:22.106  14 JUNE 2020 on SUNDAY
08:02:22,107  INFO SMSClient,main:44 - enter username
08:02:28,184  INFO SMSClient,main:46 - enter password
08:02:31,298  INFO SMSClient,main:36 - admin logged at 08:02:22.106  14 JUNE 2020 on SUNDAY
08:02:31,298  INFO SMSClient,main:37 - going to admin page
08:02:31,300  INFO SMSClient,main:22 - select choice
08:02:31,301  INFO SMSClient,main:22 - 1.student opearation
08:02:31,301  INFO SMSClient,main:22 - 2.professor operation
08:02:31,301  INFO SMSClient,main:23 - 3.addNewcourse
08:02:31,301  INFO SMSClient,main:23 - 4.dropOldcourse
08:02:31,301  INFO SMSClient,main:23 - 5.report card generation
08:02:34,603  INFO SMSClient,main:128 - give course details
08:02:34,603  INFO SMSClient,main:128 - CourseId , CourseName and catalogId
08:02:43,444  INFO SMSClient,main:139 - enter course credit
08:02:45,694  INFO SMSClient,main:141 - enter the course code
08:02:50,208  INFO SMSClient,main:143 - enter course info
08:02:57,443  INFO SMSClient,main:154 - course with name asd is added 08:02:22.106  14 JUNE 2020 on SUNDAY
08:03:20,777  INFO SMSClient,main:17 - enter username
08:03:23,282  INFO SMSClient,main:19 - enter password
08:03:29,029  INFO SMSClient,main:36 - admin logged at 08:03:29.029  14 JUNE 2020 on SUNDAY
08:03:29,030  INFO SMSClient,main:37 - going to admin page
08:03:29,044  INFO SMSClient,main:22 - select choice
08:03:29,044  INFO SMSClient,main:22 - 1.student opearation
08:03:29,044  INFO SMSClient,main:22 - 2.professor operation
08:03:29,045  INFO SMSClient,main:23 - 3.addNewcourse
08:03:29,045  INFO SMSClient,main:23 - 4.dropOldcourse
08:03:29,045  INFO SMSClient,main:23 - 5.report card generation
08:03:31,853  INFO SMSClient,main:150 - enter the course name
08:03:34,888  INFO SMSClient,main:174 - course with name asd is deleted 08:03:29.029  14 JUNE 2020 on SUNDAY
08:22:48,625  INFO SMSClient,main:17 - enter username
08:22:53,310  INFO SMSClient,main:19 - enter password
08:22:57,606  INFO SMSClient,main:36 - admin logged at 08:22:57.605  14 JUNE 2020 on SUNDAY
08:22:57,616  INFO SMSClient,main:37 - going to admin page
08:22:57,622  INFO SMSClient,main:24 - select choice
08:22:57,623  INFO SMSClient,main:24 - 1.student opearation
08:22:57,623  INFO SMSClient,main:24 - 2.professor operation
08:22:57,623  INFO SMSClient,main:25 - 3.addNewcourse
08:22:57,623  INFO SMSClient,main:25 - 4.dropOldcourse
08:22:57,623  INFO SMSClient,main:25 - 5.report card generation
08:22:57,623  INFO SMSClient,main:26 - 6.view all student
08:22:57,624  INFO SMSClient,main:26 - 7.view all course
08:22:57,624  INFO SMSClient,main:26 - 8.logout
08:23:01,942  INFO SMSClient,main:164 - student name     username      enrollment no.      mobile number    email    address
08:23:01,943  INFO SMSClient,main:166 - raja kumar      raj     123    12345677899    123   patna
08:26:04,992  INFO SMSClient,main:17 - enter username
08:26:09,157  INFO SMSClient,main:19 - enter password
08:26:14,046  INFO SMSClient,main:36 - admin logged at 08:26:14.045  14 JUNE 2020 on SUNDAY
08:26:14,056  INFO SMSClient,main:37 - going to admin page
08:26:14,061  INFO SMSClient,main:24 - select choice
08:26:14,062  INFO SMSClient,main:24 - 1.student opearation
08:26:14,062  INFO SMSClient,main:24 - 2.professor operation
08:26:14,062  INFO SMSClient,main:25 - 3.addNewcourse
08:26:14,062  INFO SMSClient,main:25 - 4.dropOldcourse
08:26:14,063  INFO SMSClient,main:25 - 5.report card generation
08:26:14,063  INFO SMSClient,main:26 - 6.view all student
08:26:14,063  INFO SMSClient,main:26 - 7.view all course
08:26:14,063  INFO SMSClient,main:26 - 8.logout
08:26:16,417  INFO SMSClient,main:43 - select choice
08:26:16,417  INFO SMSClient,main:43 - 1.create Student
08:26:16,417  INFO SMSClient,main:43 - 2.delete Student
08:26:16,418  INFO SMSClient,main:44 - 3.update Student
08:26:17,649  INFO SMSClient,main:54 -  userID ,username and password
08:26:25,933  INFO SMSClient,main:41 - user with username raja is added
08:26:25,934  INFO SMSClient,main:80 - enter student details
08:26:25,936  INFO SMSClient,main:84 - student name 
08:26:30,983  INFO SMSClient,main:86 - student address
08:26:36,158  INFO SMSClient,main:88 - student enrollment number
08:26:41,325  INFO SMSClient,main:90 - student email
08:26:47,857  INFO SMSClient,main:92 - student dob : date/month/year
08:26:53,894  INFO SMSClient,main:94 - student mobile number
08:26:58,580  INFO SMSClient,main:96 - student gender : 'male'/'female'
08:27:01,466  INFO SMSClient,main:66 - student with name raja babu is added 08:26:14.045  14 JUNE 2020 on SUNDAY
08:27:08,114  INFO SMSClient,main:17 - enter username
08:27:10,828  INFO SMSClient,main:19 - enter password
08:27:14,830  INFO SMSClient,main:36 - admin logged at 08:27:14.829  14 JUNE 2020 on SUNDAY
08:27:14,830  INFO SMSClient,main:37 - going to admin page
08:27:14,845  INFO SMSClient,main:24 - select choice
08:27:14,846  INFO SMSClient,main:24 - 1.student opearation
08:27:14,846  INFO SMSClient,main:24 - 2.professor operation
08:27:14,846  INFO SMSClient,main:25 - 3.addNewcourse
08:27:14,846  INFO SMSClient,main:25 - 4.dropOldcourse
08:27:14,846  INFO SMSClient,main:25 - 5.report card generation
08:27:14,847  INFO SMSClient,main:26 - 6.view all student
08:27:14,847  INFO SMSClient,main:26 - 7.view all course
08:27:14,847  INFO SMSClient,main:26 - 8.logout
08:27:18,230  INFO SMSClient,main:164 - student list
08:27:18,231  INFO SMSClient,main:166 - NAME : raja kumar USERNAME : raj ENROLL NO. : 123 MOBILE NO. : 12345677899 EMAIL : 123 ADDRESS : patna
08:27:18,231  INFO SMSClient,main:166 - NAME : raja babu USERNAME : raja ENROLL NO. : 3456 MOBILE NO. : 1234567890 EMAIL : raja@gmail.com ADDRESS : patna bihar
08:48:51,847  INFO SMSClient,main:17 - enter username
08:48:56,793  INFO SMSClient,main:19 - enter password
08:49:02,365  INFO SMSClient,main:36 - admin logged at 08:49:02.364  14 JUNE 2020 on SUNDAY
08:49:02,376  INFO SMSClient,main:37 - going to admin page
08:49:02,382  INFO SMSClient,main:24 - select choice
08:49:02,382  INFO SMSClient,main:24 - 1.student opearation
08:49:02,382  INFO SMSClient,main:24 - 2.professor operation
08:49:02,382  INFO SMSClient,main:25 - 3.addNewcourse
08:49:02,383  INFO SMSClient,main:25 - 4.dropOldcourse
08:49:02,383  INFO SMSClient,main:25 - 5.report card generation
08:49:02,383  INFO SMSClient,main:26 - 6.view all student
08:49:02,383  INFO SMSClient,main:26 - 7.view all course
08:49:02,384  INFO SMSClient,main:26 - 8.logout
08:49:11,433  INFO SMSClient,main:174 - professor list
08:49:58,294  INFO SMSClient,main:17 - enter username
08:50:02,517  INFO SMSClient,main:19 - enter password
08:50:07,059  INFO SMSClient,main:36 - admin logged at 08:50:07.058  14 JUNE 2020 on SUNDAY
08:50:07,059  INFO SMSClient,main:37 - going to admin page
08:50:07,074  INFO SMSClient,main:24 - select choice
08:50:07,075  INFO SMSClient,main:24 - 1.student opearation
08:50:07,075  INFO SMSClient,main:24 - 2.professor operation
08:50:07,075  INFO SMSClient,main:25 - 3.addNewcourse
08:50:07,075  INFO SMSClient,main:25 - 4.dropOldcourse
08:50:07,076  INFO SMSClient,main:25 - 5.report card generation
08:50:07,076  INFO SMSClient,main:26 - 6.view all student
08:50:07,076  INFO SMSClient,main:26 - view all professor
08:50:07,076  INFO SMSClient,main:26 - 8.view all course
08:50:07,076  INFO SMSClient,main:26 - 9.logout
08:50:13,541  INFO SMSClient,main:106 - select choice
08:50:13,541  INFO SMSClient,main:106 - 1.create professor
08:50:13,542  INFO SMSClient,main:106 - 2.delete professor
08:50:13,542  INFO SMSClient,main:107 - 3.update professor
08:50:15,460  INFO SMSClient,main:56 -  userID ,username and password
08:50:33,886  INFO SMSClient,main:41 - user with username manan is added
08:50:33,887  INFO SMSClient,main:117 - enter professor details
08:50:33,888  INFO SMSClient,main:121 - professor name 
08:50:38,932  INFO SMSClient,main:123 - professor address
08:50:44,833  INFO SMSClient,main:125 - professor email
08:50:52,128  INFO SMSClient,main:127 - professor room number
08:50:57,295  INFO SMSClient,main:129 - professor mobile number
08:51:01,971  INFO SMSClient,main:131 - professor gender : 'male'/'female'
08:51:05,637  INFO SMSClient,main:88 - professor with name manan kumar is added 08:50:07.058  14 JUNE 2020 on SUNDAY
08:51:11,330  INFO SMSClient,main:17 - enter username
08:51:13,688  INFO SMSClient,main:19 - enter password
08:51:18,407  INFO SMSClient,main:36 - admin logged at 08:51:18.406  14 JUNE 2020 on SUNDAY
08:51:18,415  INFO SMSClient,main:37 - going to admin page
08:51:18,421  INFO SMSClient,main:24 - select choice
08:51:18,422  INFO SMSClient,main:24 - 1.student opearation
08:51:18,422  INFO SMSClient,main:24 - 2.professor operation
08:51:18,422  INFO SMSClient,main:25 - 3.addNewcourse
08:51:18,422  INFO SMSClient,main:25 - 4.dropOldcourse
08:51:18,422  INFO SMSClient,main:25 - 5.report card generation
08:51:18,422  INFO SMSClient,main:26 - 6.view all student
08:51:18,423  INFO SMSClient,main:26 - view all professor
08:51:18,423  INFO SMSClient,main:26 - 8.view all course
08:51:18,423  INFO SMSClient,main:26 - 9.logout
08:51:25,459  INFO SMSClient,main:174 - professor list
08:51:25,460  INFO SMSClient,main:176 - NAME : manan kumar USERNAME : manan MOBILE NO. : 1234567890 EMAIL : manan@gmail.com ROOM NO. : a-320
09:02:18,243  INFO SMSClient,main:17 - enter username
09:02:22,280  INFO SMSClient,main:19 - enter password
09:02:26,714  INFO SMSClient,main:36 - admin logged at 09:02:26.714  14 JUNE 2020 on SUNDAY
09:02:26,727  INFO SMSClient,main:37 - going to admin page
09:02:26,731  INFO SMSClient,main:24 - select choice
09:02:26,732  INFO SMSClient,main:24 - 1.student opearation
09:02:26,732  INFO SMSClient,main:24 - 2.professor operation
09:02:26,732  INFO SMSClient,main:25 - 3.addNewcourse
09:02:26,732  INFO SMSClient,main:25 - 4.dropOldcourse
09:02:26,732  INFO SMSClient,main:25 - 5.report card generation
09:02:26,733  INFO SMSClient,main:26 - 6.view all student
09:02:26,733  INFO SMSClient,main:26 - 7.view all professor
09:02:26,733  INFO SMSClient,main:26 - 8.view all course
09:02:26,733  INFO SMSClient,main:26 - 9.logout
09:02:30,338  INFO SMSClient,main:189 - course list
09:02:30,338  INFO SMSClient,main:191 - COURSE CODE : asd-789 NAME : history CREDIT : 4 PROFESSOR : null
09:02:30,338  INFO SMSClient,main:24 - select choice
09:02:30,339  INFO SMSClient,main:24 - 1.student opearation
09:02:30,339  INFO SMSClient,main:24 - 2.professor operation
09:02:30,339  INFO SMSClient,main:25 - 3.addNewcourse
09:02:30,339  INFO SMSClient,main:25 - 4.dropOldcourse
09:02:30,340  INFO SMSClient,main:25 - 5.report card generation
09:02:30,340  INFO SMSClient,main:26 - 6.view all student
09:02:30,340  INFO SMSClient,main:26 - 7.view all professor
09:02:30,340  INFO SMSClient,main:26 - 8.view all course
09:02:30,341  INFO SMSClient,main:26 - 9.logout
09:02:57,320  INFO SMSClient,main:139 - give course details
09:02:57,321  INFO SMSClient,main:139 - CourseId , CourseName and catalogId
09:03:08,521  INFO SMSClient,main:150 - enter course credit
09:03:10,739  INFO SMSClient,main:152 - enter the course code
09:03:14,625  INFO SMSClient,main:154 - enter course info
09:03:21,033  INFO SMSClient,main:157 - course with name biology is added 09:02:26.714  14 JUNE 2020 on SUNDAY
09:03:21,034  INFO SMSClient,main:24 - select choice
09:03:21,034  INFO SMSClient,main:24 - 1.student opearation
09:03:21,035  INFO SMSClient,main:24 - 2.professor operation
09:03:21,035  INFO SMSClient,main:25 - 3.addNewcourse
09:03:21,035  INFO SMSClient,main:25 - 4.dropOldcourse
09:03:21,036  INFO SMSClient,main:25 - 5.report card generation
09:03:21,036  INFO SMSClient,main:26 - 6.view all student
09:03:21,037  INFO SMSClient,main:26 - 7.view all professor
09:03:21,037  INFO SMSClient,main:26 - 8.view all course
09:03:21,038  INFO SMSClient,main:26 - 9.logout
09:03:26,145  INFO SMSClient,main:189 - course list
09:03:26,145  INFO SMSClient,main:191 - COURSE CODE : qw-890 NAME : biology CREDIT : 4 PROFESSOR : null
09:03:26,145  INFO SMSClient,main:191 - COURSE CODE : asd-789 NAME : history CREDIT : 4 PROFESSOR : null
09:03:26,146  INFO SMSClient,main:24 - select choice
09:03:26,146  INFO SMSClient,main:24 - 1.student opearation
09:03:26,146  INFO SMSClient,main:24 - 2.professor operation
09:03:26,147  INFO SMSClient,main:25 - 3.addNewcourse
09:03:26,147  INFO SMSClient,main:25 - 4.dropOldcourse
09:03:26,147  INFO SMSClient,main:25 - 5.report card generation
09:03:26,147  INFO SMSClient,main:26 - 6.view all student
09:03:26,147  INFO SMSClient,main:26 - 7.view all professor
09:03:26,148  INFO SMSClient,main:26 - 8.view all course
09:03:26,148  INFO SMSClient,main:26 - 9.logout
09:03:56,076  INFO SMSClient,main:162 - enter the course name
09:04:03,295  INFO SMSClient,main:177 - course with name history is deleted 09:02:26.714  14 JUNE 2020 on SUNDAY
09:04:03,296  INFO SMSClient,main:24 - select choice
09:04:03,297  INFO SMSClient,main:24 - 1.student opearation
09:04:03,298  INFO SMSClient,main:24 - 2.professor operation
09:04:03,298  INFO SMSClient,main:25 - 3.addNewcourse
09:04:03,299  INFO SMSClient,main:25 - 4.dropOldcourse
09:04:03,299  INFO SMSClient,main:25 - 5.report card generation
09:04:03,300  INFO SMSClient,main:26 - 6.view all student
09:04:03,301  INFO SMSClient,main:26 - 7.view all professor
09:04:03,301  INFO SMSClient,main:26 - 8.view all course
09:04:03,302  INFO SMSClient,main:26 - 9.logout
09:07:26,961  INFO SMSClient,main:17 - enter username
09:07:31,153  INFO SMSClient,main:19 - enter password
09:07:35,828  INFO SMSClient,main:36 - admin logged at 09:07:35.828  14 JUNE 2020 on SUNDAY
09:07:35,841  INFO SMSClient,main:37 - going to admin page
09:07:35,845  INFO SMSClient,main:24 - select choice
09:07:35,846  INFO SMSClient,main:24 - 1.student opearation
09:07:35,846  INFO SMSClient,main:24 - 2.professor operation
09:07:35,846  INFO SMSClient,main:25 - 3.addNewcourse
09:07:35,846  INFO SMSClient,main:25 - 4.dropOldcourse
09:07:35,846  INFO SMSClient,main:25 - 5.report card generation
09:07:35,846  INFO SMSClient,main:26 - 6.view all student
09:07:35,847  INFO SMSClient,main:26 - 7.view all professor
09:07:35,847  INFO SMSClient,main:26 - 8.view all course
09:07:35,847  INFO SMSClient,main:26 - 9.logout
09:07:39,115  INFO SMSClient,main:44 - enter username
09:07:49,765  INFO SMSClient,main:46 - enter password
09:07:52,907  INFO SMSClient,main:36 - admin logged at 09:07:35.828  14 JUNE 2020 on SUNDAY
09:07:52,908  INFO SMSClient,main:37 - going to admin page
09:07:52,908  INFO SMSClient,main:24 - select choice
09:07:52,908  INFO SMSClient,main:24 - 1.student opearation
09:07:52,908  INFO SMSClient,main:24 - 2.professor operation
09:07:52,909  INFO SMSClient,main:25 - 3.addNewcourse
09:07:52,910  INFO SMSClient,main:25 - 4.dropOldcourse
09:07:52,910  INFO SMSClient,main:25 - 5.report card generation
09:07:52,910  INFO SMSClient,main:26 - 6.view all student
09:07:52,910  INFO SMSClient,main:26 - 7.view all professor
09:07:52,911  INFO SMSClient,main:26 - 8.view all course
09:07:52,911  INFO SMSClient,main:26 - 9.logout
09:09:06,391  INFO SMSClient,main:17 - enter username
09:09:13,288  INFO SMSClient,main:19 - enter password
09:09:17,449  INFO SMSClient,main:36 - admin logged at 09:09:17.448  14 JUNE 2020 on SUNDAY
09:09:17,459  INFO SMSClient,main:37 - going to admin page
09:09:17,464  INFO SMSClient,main:25 - select choice
09:09:17,465  INFO SMSClient,main:25 - 1.student opearation
09:09:17,465  INFO SMSClient,main:25 - 2.professor operation
09:09:17,465  INFO SMSClient,main:26 - 3.addNewcourse
09:09:17,465  INFO SMSClient,main:26 - 4.dropOldcourse
09:09:17,465  INFO SMSClient,main:26 - 5.report card generation
09:09:17,465  INFO SMSClient,main:27 - 6.view all student
09:09:17,465  INFO SMSClient,main:27 - 7.view all professor
09:09:17,466  INFO SMSClient,main:27 - 8.view all course
09:09:17,466  INFO SMSClient,main:27 - 9.logout
09:09:21,085  INFO SMSClient,main:44 - admin logging out at 09:09:17.448  14 JUNE 2020 on SUNDAY
09:09:21,086  INFO SMSClient,main:46 - enter username
